18.3.2024, 18:04:24 - INFO - Server listening on port http://127.0.0.1:3050/
18.3.2024, 21:11:27 - ERROR - Cannot save bug | bug does not exist!
18.3.2024, 21:18:37 - ERROR - Cannot save bug | bug does not exist!
18.3.2024, 21:21:35 - ERROR - Cannot save bug | bug does not exist!
18.3.2024, 21:26:17 - ERROR - Cannot save bug | bug does not exist!
18.3.2024, 21:27:53 - ERROR - Cannot save bug | bug does not exist!
18.3.2024, 21:29:03 - ERROR - Cannot save bug | bug does not exist!
18.3.2024, 21:31:50 - ERROR - Cannot save bug | bug does not exist!
18.3.2024, 21:49:29 - ERROR - Cannot save bug | bug does not exist!
18.3.2024, 22:01:24 - ERROR - Cannot save bug | bug does not exist!
18.3.2024, 22:11:19 - ERROR - Cannot save bug | bug does not exist!
19.3.2024, 9:05:15 - ERROR - Cannot save bug | bug does not exist!
19.3.2024, 9:21:43 - ERROR - Cannot save bug | bug does not exist!
19.3.2024, 11:38:17 - ERROR - Cannot save bug | bug does not exist!
19.3.2024, 15:11:36 - DEBUG - req.query | {"title":"idan","severity":"5 ","description":"problem when clicking Save","_id":"abc133"}
19.3.2024, 15:11:36 - ERROR - Cannot save bug | bug does not exist!
19.3.2024, 15:11:51 - DEBUG - req.query | {"title":"idan","severity":"3 ","description":"problem when clicking Save","_id":"abc133"}
19.3.2024, 15:11:51 - ERROR - Cannot save bug | bug does not exist!
19.3.2024, 15:14:25 - DEBUG - req.query | {"title":"idan","severity":"3 ","description":"problem when clicking Save","_id":"abc133"}
19.3.2024, 15:14:25 - ERROR - Cannot save bug | bug does not exist!
19.3.2024, 15:15:18 - DEBUG - req.query | {"title":"idan","severity":"3 ","description":"problem when clicking Save","_id":"abc133"}
19.3.2024, 15:15:18 - ERROR - Cannot save bug | bug does not exist!
19.3.2024, 15:16:27 - DEBUG - req.query | {"title":"idan","description":"problem when clicking Save","severity":"3","_id":"abc133"}
19.3.2024, 15:16:27 - ERROR - Cannot save bug | bug does not exist!
19.3.2024, 15:20:20 - DEBUG - req.query | {"title":"idan","description":"problem when clicking Save","severity":"3","_id":"abc133"}
19.3.2024, 15:20:20 - ERROR - Cannot save bug | bug does not exist!
19.3.2024, 15:55:14 - DEBUG - req.query | {"title":"israel","description":"hello","severity":"55"}
19.3.2024, 15:55:14 - ERROR - Cannot save bug | bug does not exist!
19.3.2024, 16:01:05 - DEBUG - req.query | {}
19.3.2024, 16:01:15 - DEBUG - req.query | {"title":"aasda","description":"dsadas","severity":"5"}
19.3.2024, 16:01:15 - ERROR - Cannot save bug | bug does not exist!
19.3.2024, 16:01:25 - DEBUG - req.query | {}
19.3.2024, 16:01:31 - DEBUG - req.query | {"title":"idan","description":"problem when clicking Save","severity":"44","_id":"abc133"}
19.3.2024, 16:01:31 - ERROR - Cannot save bug | bug does not exist!
19.3.2024, 16:12:23 - DEBUG - req.query | {}
19.3.2024, 16:12:34 - DEBUG - req.query | {"title":"idan","description":"problem when clicking Save","severity":"44","_id":"abc133"}
19.3.2024, 16:12:34 - ERROR - Cannot save bug | bug does not exist!
19.3.2024, 16:15:11 - DEBUG - req.query | {}
19.3.2024, 16:15:19 - DEBUG - req.query | {"title":"idandsf","description":"fsdf","severity":"4","_id":"abc133"}
19.3.2024, 16:15:19 - ERROR - Cannot save bug | bug does not exist!
19.3.2024, 16:15:27 - DEBUG - req.query | {"title":"fsfsds","description":"sdfsfsd","severity":"5"}
19.3.2024, 16:15:27 - ERROR - Cannot save bug | bug does not exist!
19.3.2024, 16:17:17 - DEBUG - req.query | {"title":"fsfsds","description":"sdfsfsd","severity":"5"}
19.3.2024, 16:17:17 - ERROR - Cannot save bug | bug does not exist!
19.3.2024, 16:17:54 - ERROR - Cannot save bug | bug does not exist!
19.3.2024, 16:17:54 - DEBUG - req.query | {"title":"bb","description":"bb","severity":"5"}
19.3.2024, 16:20:31 - DEBUG - req.query | {"title":"bb","description":"bb","severity":"5"}
19.3.2024, 16:20:31 - ERROR - Cannot save bug | bug does not exist!
19.3.2024, 16:21:51 - ERROR - Cannot save bug | bug does not exist!
19.3.2024, 16:21:51 - DEBUG - req.query | {"title":"bb","description":"bb","severity":"5"}
19.3.2024, 16:23:15 - DEBUG - req.query | {}
19.3.2024, 16:23:58 - DEBUG - req.query | {}
19.3.2024, 16:25:07 - DEBUG - req.query | {"title":"bb","description":"bb","severity":"5"}
19.3.2024, 16:25:07 - ERROR - Cannot save bug | bug does not exist!
19.3.2024, 16:28:48 - DEBUG - req.query | {}
19.3.2024, 16:28:58 - DEBUG - req.query | {"title":"bb","description":"bbb","severity":"3","_id":"abc193"}
19.3.2024, 16:28:58 - ERROR - Cannot save bug | bug does not exist!
19.3.2024, 16:29:23 - DEBUG - req.query | {}
19.3.2024, 16:39:25 - DEBUG - req.query | {}
